<?xml version="1.0" encoding="UTF-8"?>
<!-- Generated by org.testng.reporters.JUnitReportReporter -->
<testsuite skipped="0" hostname="MONO-HYD-LAP-45" name="LaunchDef1" tests="3" failures="0" timestamp="23 Sep 2020 15:15:18 GMT" time="11.895" errors="0">
  <testcase name="user_enters_URL_of_the_portal" time="5.527" classname="LaunchDef1"/>
  <testcase name="validate_Login_Page_is_displayed" time="0.011" classname="LaunchDef1"/>
  <testcase name="launch_the_Browser" time="6.357" classname="LaunchDef1"/>
</testsuite> <!-- LaunchDef1 -->
