<?xml version="1.0" encoding="UTF-8"?>
<!-- Generated by org.testng.reporters.JUnitReportReporter -->
<testsuite skipped="0" hostname="MONO-HYD-LAP-45" name="Config1.Run" tests="1" failures="0" timestamp="25 Sep 2020 15:17:26 GMT" time="26.817" errors="0">
  <testcase name="launch" time="26.817" classname="Config1.Run"/>
</testsuite> <!-- Config1.Run -->
