<?xml version="1.0" encoding="UTF-8"?>
<!-- Generated by org.testng.reporters.JUnitReportReporter -->
<testsuite skipped="0" hostname="MONO-HYD-LAP-45" name="TestCasses" tests="2" failures="0" timestamp="18 Sep 2020 10:09:37 GMT" time="4.462" errors="0">
  <testcase name="openurl" time="4.436" classname="TestCasses"/>
  <testcase name="getTitle" time="0.026" classname="TestCasses"/>
</testsuite> <!-- TestCasses -->
