<?xml version="1.0" encoding="UTF-8"?>
<!-- Generated by org.testng.reporters.JUnitReportReporter -->
<testsuite skipped="0" hostname="MONO-HYD-LAP-45" name="Config1.LoginStep" tests="4" failures="0" timestamp="28 Sep 2020 08:01:57 GMT" time="10.936" errors="0">
  <testcase name="user_is_On_Login_Page" time="10.134" classname="Config1.LoginStep"/>
  <testcase name="user_enters_Username_and_Password" time="0.424" classname="Config1.LoginStep"/>
  <testcase name="click_on_Login_Button" time="0.067" classname="Config1.LoginStep"/>
  <testcase name="validate_User_is_on_Home_Page" time="0.311" classname="Config1.LoginStep"/>
</testsuite> <!-- Config1.LoginStep -->
