<?xml version="1.0" encoding="UTF-8"?>
<!-- Generated by org.testng.reporters.JUnitReportReporter -->
<testsuite skipped="0" hostname="MONO-HYD-LAP-45" name="Config1.Jmeter" tests="1" failures="0" timestamp="14 Oct 2020 09:33:26 GMT" time="8.445" errors="0">
  <testcase name="Execution" time="8.445" classname="Config1.Jmeter"/>
</testsuite> <!-- Config1.Jmeter -->
