<?xml version="1.0" encoding="UTF-8"?>
<!-- Generated by org.testng.reporters.JUnitReportReporter -->
<testsuite skipped="0" hostname="MONO-HYD-LAP-45" name="stepDefinations.LaunchDef" tests="3" failures="0" timestamp="14 Sep 2020 09:26:27 GMT" time="8.672" errors="0">
  <testcase name="launch_the_Browser" time="6.658" classname="stepDefinations.LaunchDef"/>
  <testcase name="user_enters_URL_of_the_portal" time="1.994" classname="stepDefinations.LaunchDef"/>
  <testcase name="validate_Login_Page_is_displayed" time="0.020" classname="stepDefinations.LaunchDef"/>
</testsuite> <!-- stepDefinations.LaunchDef -->
