<?xml version="1.0" encoding="UTF-8"?>
<!-- Generated by org.testng.reporters.JUnitReportReporter -->
<testsuite skipped="0" hostname="MONO-HYD-LAP-67" name="stepDefinations.Delete" tests="1" failures="0" timestamp="2020-11-20T15:31:04 IST" time="9.141" errors="0">
  <testcase name="Screen" time="9.141" classname="stepDefinations.Delete"/>
</testsuite> <!-- stepDefinations.Delete -->
