<?xml version="1.0" encoding="UTF-8"?>
<!-- Generated by org.testng.reporters.JUnitReportReporter -->
<testsuite skipped="0" hostname="MONO-HYD-LAP-67" name="stepDefinations.TpdDef" tests="19" failures="0" timestamp="2020-11-22T20:21:05 IST" time="90.078" errors="0">
  <testcase name="user_is_On_TPD_Login_Page" time="41.250" classname="stepDefinations.TpdDef"/>
  <testcase name="user_enters_Username_and_Password_and_clicks_on_log_in" time="3.910" classname="stepDefinations.TpdDef"/>
  <testcase name="validate_User_is_on_TPD_Page" time="5.841" classname="stepDefinations.TpdDef"/>
  <testcase name="select_cycle_month_year_in_the_dropdown_and_click_on_search" time="7.642" classname="stepDefinations.TpdDef"/>
  <testcase name="verify_commission_statement_is_displayed" time="0.293" classname="stepDefinations.TpdDef"/>
  <testcase name="user_clicks_on_show_hide" time="3.977" classname="stepDefinations.TpdDef"/>
  <testcase name="user_is_on_tpd_page" time="2.437" classname="stepDefinations.TpdDef"/>
  <testcase name="cycle_month_year_dropdown_is_displayed" time="0.379" classname="stepDefinations.TpdDef"/>
  <testcase name="verify_columns_of_grid" time="0.210" classname="stepDefinations.TpdDef"/>
  <testcase name="verify_gross_total_is_displayed" time="0.475" classname="stepDefinations.TpdDef"/>
  <testcase name="verify_download_statement_is_displayed" time="0.526" classname="stepDefinations.TpdDef"/>
  <testcase name="user_to_click_on_download_statement" time="3.707" classname="stepDefinations.TpdDef"/>
  <testcase name="download_statement_pop_up_is_displayed" time="0.385" classname="stepDefinations.TpdDef"/>
  <testcase name="user_clicks_on_download" time="3.575" classname="stepDefinations.TpdDef"/>
  <testcase name="verify_the_file_is_downloaded" time="6.705" classname="stepDefinations.TpdDef"/>
  <testcase name="user_to_check_whether_select_all_is_enabled" time="2.192" classname="stepDefinations.TpdDef"/>
  <testcase name="user_clicks_on_select_all" time="0.688" classname="stepDefinations.TpdDef"/>
  <testcase name="verify_whether_all_the_checkboxes_are_enabled" time="4.464" classname="stepDefinations.TpdDef"/>
  <testcase name="user_to_click_on_clear_all" time="1.422" classname="stepDefinations.TpdDef"/>
</testsuite> <!-- stepDefinations.TpdDef -->
