<?xml version="1.0" encoding="UTF-8"?>
<!-- Generated by org.testng.reporters.JUnitReportReporter -->
<testsuite skipped="0" hostname="MONO-HYD-LAP-45" name="Config1.SingletonClass" tests="1" failures="0" timestamp="25 Sep 2020 15:09:08 GMT" time="15.366" errors="0">
  <testcase name="Initiallize" time="15.366" classname="Config1.SingletonClass"/>
</testsuite> <!-- Config1.SingletonClass -->
